<?xml version="1.0" encoding="UTF-8" ?>
<testsuite tests="1" failures="0" name="com.example.RunCucumberTest" time="35.324" errors="1" skipped="0">
  <properties>
    <property name="java.runtime.name" value="Java(TM) SE Runtime Environment"/>
    <property name="java.vm.version" value="19.0.1+10-21"/>
    <property name="sun.boot.library.path" value="/Library/Java/JavaVirtualMachines/jdk-19.jdk/Contents/Home/lib"/>
    <property name="maven.multiModuleProjectDirectory" value="/Users/abdullasuhail/AIAgent-MCP-PlaywrightJava/AIAGENT-MCP-PLAYWRIGHTJAVA"/>
    <property name="java.vm.vendor" value="Oracle Corporation"/>
    <property name="java.vendor.url" value="https://java.oracle.com/"/>
    <property name="guice.disable.misplaced.annotation.check" value="true"/>
    <property name="path.separator" value=":"/>
    <property name="java.vm.name" value="Java HotSpot(TM) 64-Bit Server VM"/>
    <property name="user.country" value="IN"/>
    <property name="sun.java.launcher" value="SUN_STANDARD"/>
    <property name="java.vm.specification.name" value="Java Virtual Machine Specification"/>
    <property name="user.dir" value="/Users/abdullasuhail/AIAgent-MCP-PlaywrightJava/AIAGENT-MCP-PLAYWRIGHTJAVA"/>
    <property name="java.vm.compressedOopsMode" value="Zero based"/>
    <property name="java.runtime.version" value="19.0.1+10-21"/>
    <property name="os.arch" value="aarch64"/>
    <property name="java.io.tmpdir" value="/var/folders/qt/bc_h7wcj2ks08pf1n92k65zr0000gn/T/"/>
    <property name="line.separator" value="
"/>
    <property name="java.vm.specification.vendor" value="Oracle Corporation"/>
    <property name="stderr.encoding" value="UTF-8"/>
    <property name="os.name" value="Mac OS X"/>
    <property name="classworlds.conf" value="/Users/abdullasuhail/Desktop/Work/tools/apache-maven-3.8.5/bin/m2.conf"/>
    <property name="sun.jnu.encoding" value="UTF-8"/>
    <property name="stdout.encoding" value="UTF-8"/>
    <property name="java.library.path" value="/Users/abdullasuhail/Library/Java/Extensions:/Library/Java/Extensions:/Network/Library/Java/Extensions:/System/Library/Java/Extensions:/usr/lib/java:."/>
    <property name="maven.conf" value="/Users/abdullasuhail/Desktop/Work/tools/apache-maven-3.8.5/conf"/>
    <property name="jdk.debug" value="release"/>
    <property name="java.class.version" value="63.0"/>
    <property name="java.specification.name" value="Java Platform API Specification"/>
    <property name="sun.management.compiler" value="HotSpot 64-Bit Tiered Compilers"/>
    <property name="os.version" value="15.5"/>
    <property name="library.jansi.path" value="/Users/abdullasuhail/Desktop/Work/tools/apache-maven-3.8.5/lib/jansi-native"/>
    <property name="http.nonProxyHosts" value="local|*.local|169.254/16|*.169.254/16"/>
    <property name="user.home" value="/Users/abdullasuhail"/>
    <property name="user.timezone" value="Asia/Kolkata"/>
    <property name="file.encoding" value="UTF-8"/>
    <property name="java.specification.version" value="19"/>
    <property name="user.name" value="abdullasuhail"/>
    <property name="java.class.path" value="/Users/abdullasuhail/Desktop/Work/tools/apache-maven-3.8.5/boot/plexus-classworlds-2.6.0.jar"/>
    <property name="java.vm.specification.version" value="19"/>
    <property name="sun.arch.data.model" value="64"/>
    <property name="sun.java.command" value="org.codehaus.plexus.classworlds.launcher.Launcher test"/>
    <property name="java.home" value="/Library/Java/JavaVirtualMachines/jdk-19.jdk/Contents/Home"/>
    <property name="apple.awt.application.name" value="Launcher"/>
    <property name="user.language" value="en"/>
    <property name="java.specification.vendor" value="Oracle Corporation"/>
    <property name="java.vm.info" value="mixed mode, sharing"/>
    <property name="java.version" value="19.0.1"/>
    <property name="native.encoding" value="UTF-8"/>
    <property name="java.vendor" value="Oracle Corporation"/>
    <property name="maven.home" value="/Users/abdullasuhail/Desktop/Work/tools/apache-maven-3.8.5"/>
    <property name="file.separator" value="/"/>
    <property name="java.version.date" value="2022-10-18"/>
    <property name="java.vendor.url.bug" value="https://bugreport.java.com/bugreport/"/>
    <property name="sun.io.unicode.encoding" value="UnicodeBig"/>
    <property name="sun.cpu.endian" value="little"/>
    <property name="socksNonProxyHosts" value="local|*.local|169.254/16|*.169.254/16"/>
    <property name="ftp.nonProxyHosts" value="local|*.local|169.254/16|*.169.254/16"/>
  </properties>
  <testcase classname="PCC" name="navigate to PCC" time="35.324">
    <error message="Error {
  message=&apos;Timeout 30000ms exceeded.
  name=&apos;TimeoutError
  stack=&apos;TimeoutError: Timeout 30000ms exceeded.
    at ProgressController.run (/private/var/folders/qt/bc_h7wcj2ks08pf1n92k65zr0000gn/T/playwright-java-14360159897013177673/package/lib/server/progress.js:78:26)
    at Frame.waitForSelector (/private/var/folders/qt/bc_h7wcj2ks08pf1n92k65zr0000gn/T/playwright-java-14360159897013177673/package/lib/server/frames.js:619:23)
    at FrameDispatcher.waitForSelector (/private/var/folders/qt/bc_h7wcj2ks08pf1n92k65zr0000gn/T/playwright-java-14360159897013177673/package/lib/server/dispatchers/frameDispatcher.js:106:103)
    at FrameDispatcher._handleCommand (/private/var/folders/qt/bc_h7wcj2ks08pf1n92k65zr0000gn/T/playwright-java-14360159897013177673/package/lib/server/dispatchers/dispatcher.js:94:40)
    at DispatcherConnection.dispatch (/private/var/folders/qt/bc_h7wcj2ks08pf1n92k65zr0000gn/T/playwright-java-14360159897013177673/package/lib/server/dispatchers/dispatcher.js:361:39)
}
Call log:
- waiting for locator(&quot;//button[text()=&apos;Sign in&apos;]&quot;) to be visible
-   locator resolved to 4 elements. Proceeding with the first one: &lt;button type=&quot;button&quot; class=&quot;btn btn-link btn-lg p-0&quot;&gt;Sign in&lt;/button&gt;
-   locator resolved to 4 elements. Proceeding with the first one: &lt;button type=&quot;button&quot; class=&quot;btn btn-link btn-lg p-0&quot;&gt;Sign in&lt;/button&gt;
-   locator resolved to 4 elements. Proceeding with the first one: &lt;button type=&quot;button&quot; class=&quot;btn btn-link btn-lg p-0&quot;&gt;Sign in&lt;/button&gt;
-   locator resolved to 4 elements. Proceeding with the first one: &lt;button type=&quot;button&quot; class=&quot;btn btn-link btn-lg p-0&quot;&gt;Sign in&lt;/button&gt;
-   locator resolved to 4 elements. Proceeding with the first one: &lt;button type=&quot;button&quot; class=&quot;btn btn-link btn-lg p-0&quot;&gt;Sign in&lt;/button&gt;
-   locator resolved to 4 elements. Proceeding with the first one: &lt;button type=&quot;button&quot; class=&quot;btn btn-link btn-lg p-0&quot;&gt;Sign in&lt;/button&gt;
-   locator resolved to 4 elements. Proceeding with the first one: &lt;button type=&quot;button&quot; class=&quot;btn btn-link btn-lg p-0&quot;&gt;Sign in&lt;/button&gt;
-   locator resolved to 4 elements. Proceeding with the first one: &lt;button type=&quot;button&quot; class=&quot;btn btn-link btn-lg p-0&quot;&gt;Sign in&lt;/button&gt;
-   locator resolved to 4 elements. Proceeding with the first one: &lt;button type=&quot;button&quot; class=&quot;btn btn-link btn-lg p-0&quot;&gt;Sign in&lt;/button&gt;
-   locator resolved to 4 elements. Proceeding with the first one: &lt;button type=&quot;button&quot; class=&quot;btn btn-link btn-lg p-0&quot;&gt;Sign in&lt;/button&gt;
-   locator resolved to 4 elements. Proceeding with the first one: &lt;button type=&quot;button&quot; class=&quot;btn btn-link btn-lg p-0&quot;&gt;Sign in&lt;/button&gt;
-   locator resolved to 4 elements. Proceeding with the first one: &lt;button type=&quot;button&quot; class=&quot;btn btn-link btn-lg p-0&quot;&gt;Sign in&lt;/button&gt;
-   locator resolved to 4 elements. Proceeding with the first one: &lt;button type=&quot;button&quot; class=&quot;btn btn-link btn-lg p-0&quot;&gt;Sign in&lt;/button&gt;
-   locator resolved to 4 elements. Proceeding with the first one: &lt;button type=&quot;button&quot; class=&quot;btn btn-link btn-lg p-0&quot;&gt;Sign in&lt;/button&gt;
-   locator resolved to 4 elements. Proceeding with the first one: &lt;button type=&quot;button&quot; class=&quot;btn btn-link btn-lg p-0&quot;&gt;Sign in&lt;/button&gt;
-   locator resolved to 4 elements. Proceeding with the first one: &lt;button type=&quot;button&quot; class=&quot;btn btn-link btn-lg p-0&quot;&gt;Sign in&lt;/button&gt;
-   locator resolved to 4 elements. Proceeding with the first one: &lt;button type=&quot;button&quot; class=&quot;btn btn-link btn-lg p-0&quot;&gt;Sign in&lt;/button&gt;
-   locator resolved to 4 elements. Proceeding with the first one: &lt;button type=&quot;button&quot; class=&quot;btn btn-link btn-lg p-0&quot;&gt;Sign in&lt;/button&gt;
-   locator resolved to 4 elements. Proceeding with the first one: &lt;button type=&quot;button&quot; class=&quot;btn btn-link btn-lg p-0&quot;&gt;Sign in&lt;/button&gt;
-   locator resolved to 4 elements. Proceeding with the first one: &lt;button type=&quot;button&quot; class=&quot;btn btn-link btn-lg p-0&quot;&gt;Sign in&lt;/button&gt;
-   locator resolved to 4 elements. Proceeding with the first one: &lt;button type=&quot;button&quot; class=&quot;btn btn-link btn-lg p-0&quot;&gt;Sign in&lt;/button&gt;
-   locator resolved to 4 elements. Proceeding with the first one: &lt;button type=&quot;button&quot; class=&quot;btn btn-link btn-lg p-0&quot;&gt;Sign in&lt;/button&gt;
-   locator resolved to 4 elements. Proceeding with the first one: &lt;button type=&quot;button&quot; class=&quot;btn btn-link btn-lg p-0&quot;&gt;Sign in&lt;/button&gt;
-   locator resolved to 4 elements. Proceeding with the first one: &lt;button type=&quot;button&quot; class=&quot;btn btn-link btn-lg p-0&quot;&gt;Sign in&lt;/button&gt;
-   locator resolved to 4 elements. Proceeding with the first one: &lt;button type=&quot;button&quot; class=&quot;btn btn-link btn-lg p-0&quot;&gt;Sign in&lt;/button&gt;
-   locator resolved to 4 elements. Proceeding with the first one: &lt;button type=&quot;button&quot; class=&quot;btn btn-link btn-lg p-0&quot;&gt;Sign in&lt;/button&gt;
-   locator resolved to 4 elements. Proceeding with the first one: &lt;button type=&quot;button&quot; class=&quot;btn btn-link btn-lg p-0&quot;&gt;Sign in&lt;/button&gt;
-   locator resolved to 4 elements. Proceeding with the first one: &lt;button type=&quot;button&quot; class=&quot;btn btn-link btn-lg p-0&quot;&gt;Sign in&lt;/button&gt;
-   locator resolved to 4 elements. Proceeding with the first one: &lt;button type=&quot;button&quot; class=&quot;btn btn-link btn-lg p-0&quot;&gt;Sign in&lt;/button&gt;
-   locator resolved to 4 elements. Proceeding with the first one: &lt;button type=&quot;button&quot; class=&quot;btn btn-link btn-lg p-0&quot;&gt;Sign in&lt;/button&gt;
-   locator resolved to 4 elements. Proceeding with the first one: &lt;button type=&quot;button&quot; class=&quot;btn btn-link btn-lg p-0&quot;&gt;Sign in&lt;/button&gt;
-   locator resolved to 4 elements. Proceeding with the first one: &lt;button type=&quot;button&quot; class=&quot;btn btn-link btn-lg p-0&quot;&gt;Sign in&lt;/button&gt;
-   locator resolved to 4 elements. Proceeding with the first one: &lt;button type=&quot;button&quot; class=&quot;btn btn-link btn-lg p-0&quot;&gt;Sign in&lt;/button&gt;
-   locator resolved to 4 elements. Proceeding with the first one: &lt;button type=&quot;button&quot; class=&quot;btn btn-link btn-lg p-0&quot;&gt;Sign in&lt;/button&gt;
-   locator resolved to 4 elements. Proceeding with the first one: &lt;button type=&quot;button&quot; class=&quot;btn btn-link btn-lg p-0&quot;&gt;Sign in&lt;/button&gt;
-   locator resolved to 4 elements. Proceeding with the first one: &lt;button type=&quot;button&quot; class=&quot;btn btn-link btn-lg p-0&quot;&gt;Sign in&lt;/button&gt;
-   locator resolved to 4 elements. Proceeding with the first one: &lt;button type=&quot;button&quot; class=&quot;btn btn-link btn-lg p-0&quot;&gt;Sign in&lt;/button&gt;
-   locator resolved to 4 elements. Proceeding with the first one: &lt;button type=&quot;button&quot; class=&quot;btn btn-link btn-lg p-0&quot;&gt;Sign in&lt;/button&gt;
-   locator resolved to 4 elements. Proceeding with the first one: &lt;button type=&quot;button&quot; class=&quot;btn btn-link btn-lg p-0&quot;&gt;Sign in&lt;/button&gt;
-   locator resolved to 4 elements. Proceeding with the first one: &lt;button type=&quot;button&quot; class=&quot;btn btn-link btn-lg p-0&quot;&gt;Sign in&lt;/button&gt;
-   locator resolved to 4 elements. Proceeding with the first one: &lt;button type=&quot;button&quot; class=&quot;btn btn-link btn-lg p-0&quot;&gt;Sign in&lt;/button&gt;
-   locator resolved to 4 elements. Proceeding with the first one: &lt;button type=&quot;button&quot; class=&quot;btn btn-link btn-lg p-0&quot;&gt;Sign in&lt;/button&gt;
-   locator resolved to 4 elements. Proceeding with the first one: &lt;button type=&quot;button&quot; class=&quot;btn btn-link btn-lg p-0&quot;&gt;Sign in&lt;/button&gt;
-   locator resolved to 4 elements. Proceeding with the first one: &lt;button type=&quot;button&quot; class=&quot;btn btn-link btn-lg p-0&quot;&gt;Sign in&lt;/button&gt;
-   locator resolved to 4 elements. Proceeding with the first one: &lt;button type=&quot;button&quot; class=&quot;btn btn-link btn-lg p-0&quot;&gt;Sign in&lt;/button&gt;
-   locator resolved to 4 elements. Proceeding with the first one: &lt;button type=&quot;button&quot; class=&quot;btn btn-link btn-lg p-0&quot;&gt;Sign in&lt;/button&gt;
-   locator resolved to 4 elements. Proceeding with the first one: &lt;button type=&quot;button&quot; class=&quot;btn btn-link btn-lg p-0&quot;&gt;Sign in&lt;/button&gt;
-   locator resolved to 4 elements. Proceeding with the first one: &lt;button type=&quot;button&quot; class=&quot;btn btn-link btn-lg p-0&quot;&gt;Sign in&lt;/button&gt;
-   locator resolved to 4 elements. Proceeding with the first one: &lt;button type=&quot;button&quot; class=&quot;btn btn-link btn-lg p-0&quot;&gt;Sign in&lt;/button&gt;
-   locator resolved to 4 elements. Proceeding with the first one: &lt;button type=&quot;button&quot; class=&quot;btn btn-link btn-lg p-0&quot;&gt;Sign in&lt;/button&gt;
-   locator resolved to 4 elements. Proceeding with the first one: &lt;button type=&quot;button&quot; class=&quot;btn btn-link btn-lg p-0&quot;&gt;Sign in&lt;/button&gt;
-   locator resolved to 4 elements. Proceeding with the first one: &lt;button type=&quot;button&quot; class=&quot;btn btn-link btn-lg p-0&quot;&gt;Sign in&lt;/button&gt;
-   locator resolved to 4 elements. Proceeding with the first one: &lt;button type=&quot;button&quot; class=&quot;btn btn-link btn-lg p-0&quot;&gt;Sign in&lt;/button&gt;
-   locator resolved to 4 elements. Proceeding with the first one: &lt;button type=&quot;button&quot; class=&quot;btn btn-link btn-lg p-0&quot;&gt;Sign in&lt;/button&gt;
-   locator resolved to 4 elements. Proceeding with the first one: &lt;button type=&quot;button&quot; class=&quot;btn btn-link btn-lg p-0&quot;&gt;Sign in&lt;/button&gt;
-   locator resolved to 4 elements. Proceeding with the first one: &lt;button type=&quot;button&quot; class=&quot;btn btn-link btn-lg p-0&quot;&gt;Sign in&lt;/button&gt;
-   locator resolved to 4 elements. Proceeding with the first one: &lt;button type=&quot;button&quot; class=&quot;btn btn-link btn-lg p-0&quot;&gt;Sign in&lt;/button&gt;
" type="com.microsoft.playwright.TimeoutError">com.microsoft.playwright.TimeoutError: Error {
  message=&apos;Timeout 30000ms exceeded.
  name=&apos;TimeoutError
  stack=&apos;TimeoutError: Timeout 30000ms exceeded.
    at ProgressController.run (/private/var/folders/qt/bc_h7wcj2ks08pf1n92k65zr0000gn/T/playwright-java-14360159897013177673/package/lib/server/progress.js:78:26)
    at Frame.waitForSelector (/private/var/folders/qt/bc_h7wcj2ks08pf1n92k65zr0000gn/T/playwright-java-14360159897013177673/package/lib/server/frames.js:619:23)
    at FrameDispatcher.waitForSelector (/private/var/folders/qt/bc_h7wcj2ks08pf1n92k65zr0000gn/T/playwright-java-14360159897013177673/package/lib/server/dispatchers/frameDispatcher.js:106:103)
    at FrameDispatcher._handleCommand (/private/var/folders/qt/bc_h7wcj2ks08pf1n92k65zr0000gn/T/playwright-java-14360159897013177673/package/lib/server/dispatchers/dispatcher.js:94:40)
    at DispatcherConnection.dispatch (/private/var/folders/qt/bc_h7wcj2ks08pf1n92k65zr0000gn/T/playwright-java-14360159897013177673/package/lib/server/dispatchers/dispatcher.js:361:39)
}
Call log:
- waiting for locator(&quot;//button[text()=&apos;Sign in&apos;]&quot;) to be visible
-   locator resolved to 4 elements. Proceeding with the first one: &lt;button type=&quot;button&quot; class=&quot;btn btn-link btn-lg p-0&quot;&gt;Sign in&lt;/button&gt;
-   locator resolved to 4 elements. Proceeding with the first one: &lt;button type=&quot;button&quot; class=&quot;btn btn-link btn-lg p-0&quot;&gt;Sign in&lt;/button&gt;
-   locator resolved to 4 elements. Proceeding with the first one: &lt;button type=&quot;button&quot; class=&quot;btn btn-link btn-lg p-0&quot;&gt;Sign in&lt;/button&gt;
-   locator resolved to 4 elements. Proceeding with the first one: &lt;button type=&quot;button&quot; class=&quot;btn btn-link btn-lg p-0&quot;&gt;Sign in&lt;/button&gt;
-   locator resolved to 4 elements. Proceeding with the first one: &lt;button type=&quot;button&quot; class=&quot;btn btn-link btn-lg p-0&quot;&gt;Sign in&lt;/button&gt;
-   locator resolved to 4 elements. Proceeding with the first one: &lt;button type=&quot;button&quot; class=&quot;btn btn-link btn-lg p-0&quot;&gt;Sign in&lt;/button&gt;
-   locator resolved to 4 elements. Proceeding with the first one: &lt;button type=&quot;button&quot; class=&quot;btn btn-link btn-lg p-0&quot;&gt;Sign in&lt;/button&gt;
-   locator resolved to 4 elements. Proceeding with the first one: &lt;button type=&quot;button&quot; class=&quot;btn btn-link btn-lg p-0&quot;&gt;Sign in&lt;/button&gt;
-   locator resolved to 4 elements. Proceeding with the first one: &lt;button type=&quot;button&quot; class=&quot;btn btn-link btn-lg p-0&quot;&gt;Sign in&lt;/button&gt;
-   locator resolved to 4 elements. Proceeding with the first one: &lt;button type=&quot;button&quot; class=&quot;btn btn-link btn-lg p-0&quot;&gt;Sign in&lt;/button&gt;
-   locator resolved to 4 elements. Proceeding with the first one: &lt;button type=&quot;button&quot; class=&quot;btn btn-link btn-lg p-0&quot;&gt;Sign in&lt;/button&gt;
-   locator resolved to 4 elements. Proceeding with the first one: &lt;button type=&quot;button&quot; class=&quot;btn btn-link btn-lg p-0&quot;&gt;Sign in&lt;/button&gt;
-   locator resolved to 4 elements. Proceeding with the first one: &lt;button type=&quot;button&quot; class=&quot;btn btn-link btn-lg p-0&quot;&gt;Sign in&lt;/button&gt;
-   locator resolved to 4 elements. Proceeding with the first one: &lt;button type=&quot;button&quot; class=&quot;btn btn-link btn-lg p-0&quot;&gt;Sign in&lt;/button&gt;
-   locator resolved to 4 elements. Proceeding with the first one: &lt;button type=&quot;button&quot; class=&quot;btn btn-link btn-lg p-0&quot;&gt;Sign in&lt;/button&gt;
-   locator resolved to 4 elements. Proceeding with the first one: &lt;button type=&quot;button&quot; class=&quot;btn btn-link btn-lg p-0&quot;&gt;Sign in&lt;/button&gt;
-   locator resolved to 4 elements. Proceeding with the first one: &lt;button type=&quot;button&quot; class=&quot;btn btn-link btn-lg p-0&quot;&gt;Sign in&lt;/button&gt;
-   locator resolved to 4 elements. Proceeding with the first one: &lt;button type=&quot;button&quot; class=&quot;btn btn-link btn-lg p-0&quot;&gt;Sign in&lt;/button&gt;
-   locator resolved to 4 elements. Proceeding with the first one: &lt;button type=&quot;button&quot; class=&quot;btn btn-link btn-lg p-0&quot;&gt;Sign in&lt;/button&gt;
-   locator resolved to 4 elements. Proceeding with the first one: &lt;button type=&quot;button&quot; class=&quot;btn btn-link btn-lg p-0&quot;&gt;Sign in&lt;/button&gt;
-   locator resolved to 4 elements. Proceeding with the first one: &lt;button type=&quot;button&quot; class=&quot;btn btn-link btn-lg p-0&quot;&gt;Sign in&lt;/button&gt;
-   locator resolved to 4 elements. Proceeding with the first one: &lt;button type=&quot;button&quot; class=&quot;btn btn-link btn-lg p-0&quot;&gt;Sign in&lt;/button&gt;
-   locator resolved to 4 elements. Proceeding with the first one: &lt;button type=&quot;button&quot; class=&quot;btn btn-link btn-lg p-0&quot;&gt;Sign in&lt;/button&gt;
-   locator resolved to 4 elements. Proceeding with the first one: &lt;button type=&quot;button&quot; class=&quot;btn btn-link btn-lg p-0&quot;&gt;Sign in&lt;/button&gt;
-   locator resolved to 4 elements. Proceeding with the first one: &lt;button type=&quot;button&quot; class=&quot;btn btn-link btn-lg p-0&quot;&gt;Sign in&lt;/button&gt;
-   locator resolved to 4 elements. Proceeding with the first one: &lt;button type=&quot;button&quot; class=&quot;btn btn-link btn-lg p-0&quot;&gt;Sign in&lt;/button&gt;
-   locator resolved to 4 elements. Proceeding with the first one: &lt;button type=&quot;button&quot; class=&quot;btn btn-link btn-lg p-0&quot;&gt;Sign in&lt;/button&gt;
-   locator resolved to 4 elements. Proceeding with the first one: &lt;button type=&quot;button&quot; class=&quot;btn btn-link btn-lg p-0&quot;&gt;Sign in&lt;/button&gt;
-   locator resolved to 4 elements. Proceeding with the first one: &lt;button type=&quot;button&quot; class=&quot;btn btn-link btn-lg p-0&quot;&gt;Sign in&lt;/button&gt;
-   locator resolved to 4 elements. Proceeding with the first one: &lt;button type=&quot;button&quot; class=&quot;btn btn-link btn-lg p-0&quot;&gt;Sign in&lt;/button&gt;
-   locator resolved to 4 elements. Proceeding with the first one: &lt;button type=&quot;button&quot; class=&quot;btn btn-link btn-lg p-0&quot;&gt;Sign in&lt;/button&gt;
-   locator resolved to 4 elements. Proceeding with the first one: &lt;button type=&quot;button&quot; class=&quot;btn btn-link btn-lg p-0&quot;&gt;Sign in&lt;/button&gt;
-   locator resolved to 4 elements. Proceeding with the first one: &lt;button type=&quot;button&quot; class=&quot;btn btn-link btn-lg p-0&quot;&gt;Sign in&lt;/button&gt;
-   locator resolved to 4 elements. Proceeding with the first one: &lt;button type=&quot;button&quot; class=&quot;btn btn-link btn-lg p-0&quot;&gt;Sign in&lt;/button&gt;
-   locator resolved to 4 elements. Proceeding with the first one: &lt;button type=&quot;button&quot; class=&quot;btn btn-link btn-lg p-0&quot;&gt;Sign in&lt;/button&gt;
-   locator resolved to 4 elements. Proceeding with the first one: &lt;button type=&quot;button&quot; class=&quot;btn btn-link btn-lg p-0&quot;&gt;Sign in&lt;/button&gt;
-   locator resolved to 4 elements. Proceeding with the first one: &lt;button type=&quot;button&quot; class=&quot;btn btn-link btn-lg p-0&quot;&gt;Sign in&lt;/button&gt;
-   locator resolved to 4 elements. Proceeding with the first one: &lt;button type=&quot;button&quot; class=&quot;btn btn-link btn-lg p-0&quot;&gt;Sign in&lt;/button&gt;
-   locator resolved to 4 elements. Proceeding with the first one: &lt;button type=&quot;button&quot; class=&quot;btn btn-link btn-lg p-0&quot;&gt;Sign in&lt;/button&gt;
-   locator resolved to 4 elements. Proceeding with the first one: &lt;button type=&quot;button&quot; class=&quot;btn btn-link btn-lg p-0&quot;&gt;Sign in&lt;/button&gt;
-   locator resolved to 4 elements. Proceeding with the first one: &lt;button type=&quot;button&quot; class=&quot;btn btn-link btn-lg p-0&quot;&gt;Sign in&lt;/button&gt;
-   locator resolved to 4 elements. Proceeding with the first one: &lt;button type=&quot;button&quot; class=&quot;btn btn-link btn-lg p-0&quot;&gt;Sign in&lt;/button&gt;
-   locator resolved to 4 elements. Proceeding with the first one: &lt;button type=&quot;button&quot; class=&quot;btn btn-link btn-lg p-0&quot;&gt;Sign in&lt;/button&gt;
-   locator resolved to 4 elements. Proceeding with the first one: &lt;button type=&quot;button&quot; class=&quot;btn btn-link btn-lg p-0&quot;&gt;Sign in&lt;/button&gt;
-   locator resolved to 4 elements. Proceeding with the first one: &lt;button type=&quot;button&quot; class=&quot;btn btn-link btn-lg p-0&quot;&gt;Sign in&lt;/button&gt;
-   locator resolved to 4 elements. Proceeding with the first one: &lt;button type=&quot;button&quot; class=&quot;btn btn-link btn-lg p-0&quot;&gt;Sign in&lt;/button&gt;
-   locator resolved to 4 elements. Proceeding with the first one: &lt;button type=&quot;button&quot; class=&quot;btn btn-link btn-lg p-0&quot;&gt;Sign in&lt;/button&gt;
-   locator resolved to 4 elements. Proceeding with the first one: &lt;button type=&quot;button&quot; class=&quot;btn btn-link btn-lg p-0&quot;&gt;Sign in&lt;/button&gt;
-   locator resolved to 4 elements. Proceeding with the first one: &lt;button type=&quot;button&quot; class=&quot;btn btn-link btn-lg p-0&quot;&gt;Sign in&lt;/button&gt;
-   locator resolved to 4 elements. Proceeding with the first one: &lt;button type=&quot;button&quot; class=&quot;btn btn-link btn-lg p-0&quot;&gt;Sign in&lt;/button&gt;
-   locator resolved to 4 elements. Proceeding with the first one: &lt;button type=&quot;button&quot; class=&quot;btn btn-link btn-lg p-0&quot;&gt;Sign in&lt;/button&gt;
-   locator resolved to 4 elements. Proceeding with the first one: &lt;button type=&quot;button&quot; class=&quot;btn btn-link btn-lg p-0&quot;&gt;Sign in&lt;/button&gt;
-   locator resolved to 4 elements. Proceeding with the first one: &lt;button type=&quot;button&quot; class=&quot;btn btn-link btn-lg p-0&quot;&gt;Sign in&lt;/button&gt;
-   locator resolved to 4 elements. Proceeding with the first one: &lt;button type=&quot;button&quot; class=&quot;btn btn-link btn-lg p-0&quot;&gt;Sign in&lt;/button&gt;
-   locator resolved to 4 elements. Proceeding with the first one: &lt;button type=&quot;button&quot; class=&quot;btn btn-link btn-lg p-0&quot;&gt;Sign in&lt;/button&gt;
-   locator resolved to 4 elements. Proceeding with the first one: &lt;button type=&quot;button&quot; class=&quot;btn btn-link btn-lg p-0&quot;&gt;Sign in&lt;/button&gt;
-   locator resolved to 4 elements. Proceeding with the first one: &lt;button type=&quot;button&quot; class=&quot;btn btn-link btn-lg p-0&quot;&gt;Sign in&lt;/button&gt;

	at com.microsoft.playwright.impl.WaitableResult.get(WaitableResult.java:52)
	at com.microsoft.playwright.impl.ChannelOwner.runUntil(ChannelOwner.java:120)
	at com.microsoft.playwright.impl.Connection.sendMessage(Connection.java:130)
	at com.microsoft.playwright.impl.ChannelOwner.sendMessage(ChannelOwner.java:106)
	at com.microsoft.playwright.impl.FrameImpl.waitForSelectorImpl(FrameImpl.java:1060)
	at com.microsoft.playwright.impl.FrameImpl.waitForSelectorImpl(FrameImpl.java:1050)
	at com.microsoft.playwright.impl.PageImpl.lambda$waitForSelector$93(PageImpl.java:1548)
	at com.microsoft.playwright.impl.LoggingSupport.withLogging(LoggingSupport.java:47)
	at com.microsoft.playwright.impl.ChannelOwner.withLogging(ChannelOwner.java:89)
	at com.microsoft.playwright.impl.PageImpl.waitForSelector(PageImpl.java:1547)
	at com.example.PCCSteps.click_on_sign_in(PCCSteps.java:49)
	at ✽.I Click on Sign In(file:///Users/abdullasuhail/AIAgent-MCP-PlaywrightJava/AIAGENT-MCP-PLAYWRIGHTJAVA/src/test/resources/features/pccRegsiter.feature:4)
Caused by: com.microsoft.playwright.TimeoutError: Error {
  message=&apos;Timeout 30000ms exceeded.
  name=&apos;TimeoutError
  stack=&apos;TimeoutError: Timeout 30000ms exceeded.
    at ProgressController.run (/private/var/folders/qt/bc_h7wcj2ks08pf1n92k65zr0000gn/T/playwright-java-14360159897013177673/package/lib/server/progress.js:78:26)
    at Frame.waitForSelector (/private/var/folders/qt/bc_h7wcj2ks08pf1n92k65zr0000gn/T/playwright-java-14360159897013177673/package/lib/server/frames.js:619:23)
    at FrameDispatcher.waitForSelector (/private/var/folders/qt/bc_h7wcj2ks08pf1n92k65zr0000gn/T/playwright-java-14360159897013177673/package/lib/server/dispatchers/frameDispatcher.js:106:103)
    at FrameDispatcher._handleCommand (/private/var/folders/qt/bc_h7wcj2ks08pf1n92k65zr0000gn/T/playwright-java-14360159897013177673/package/lib/server/dispatchers/dispatcher.js:94:40)
    at DispatcherConnection.dispatch (/private/var/folders/qt/bc_h7wcj2ks08pf1n92k65zr0000gn/T/playwright-java-14360159897013177673/package/lib/server/dispatchers/dispatcher.js:361:39)
}
Call log:
- waiting for locator(&quot;//button[text()=&apos;Sign in&apos;]&quot;) to be visible
-   locator resolved to 4 elements. Proceeding with the first one: &lt;button type=&quot;button&quot; class=&quot;btn btn-link btn-lg p-0&quot;&gt;Sign in&lt;/button&gt;
-   locator resolved to 4 elements. Proceeding with the first one: &lt;button type=&quot;button&quot; class=&quot;btn btn-link btn-lg p-0&quot;&gt;Sign in&lt;/button&gt;
-   locator resolved to 4 elements. Proceeding with the first one: &lt;button type=&quot;button&quot; class=&quot;btn btn-link btn-lg p-0&quot;&gt;Sign in&lt;/button&gt;
-   locator resolved to 4 elements. Proceeding with the first one: &lt;button type=&quot;button&quot; class=&quot;btn btn-link btn-lg p-0&quot;&gt;Sign in&lt;/button&gt;
-   locator resolved to 4 elements. Proceeding with the first one: &lt;button type=&quot;button&quot; class=&quot;btn btn-link btn-lg p-0&quot;&gt;Sign in&lt;/button&gt;
-   locator resolved to 4 elements. Proceeding with the first one: &lt;button type=&quot;button&quot; class=&quot;btn btn-link btn-lg p-0&quot;&gt;Sign in&lt;/button&gt;
-   locator resolved to 4 elements. Proceeding with the first one: &lt;button type=&quot;button&quot; class=&quot;btn btn-link btn-lg p-0&quot;&gt;Sign in&lt;/button&gt;
-   locator resolved to 4 elements. Proceeding with the first one: &lt;button type=&quot;button&quot; class=&quot;btn btn-link btn-lg p-0&quot;&gt;Sign in&lt;/button&gt;
-   locator resolved to 4 elements. Proceeding with the first one: &lt;button type=&quot;button&quot; class=&quot;btn btn-link btn-lg p-0&quot;&gt;Sign in&lt;/button&gt;
-   locator resolved to 4 elements. Proceeding with the first one: &lt;button type=&quot;button&quot; class=&quot;btn btn-link btn-lg p-0&quot;&gt;Sign in&lt;/button&gt;
-   locator resolved to 4 elements. Proceeding with the first one: &lt;button type=&quot;button&quot; class=&quot;btn btn-link btn-lg p-0&quot;&gt;Sign in&lt;/button&gt;
-   locator resolved to 4 elements. Proceeding with the first one: &lt;button type=&quot;button&quot; class=&quot;btn btn-link btn-lg p-0&quot;&gt;Sign in&lt;/button&gt;
-   locator resolved to 4 elements. Proceeding with the first one: &lt;button type=&quot;button&quot; class=&quot;btn btn-link btn-lg p-0&quot;&gt;Sign in&lt;/button&gt;
-   locator resolved to 4 elements. Proceeding with the first one: &lt;button type=&quot;button&quot; class=&quot;btn btn-link btn-lg p-0&quot;&gt;Sign in&lt;/button&gt;
-   locator resolved to 4 elements. Proceeding with the first one: &lt;button type=&quot;button&quot; class=&quot;btn btn-link btn-lg p-0&quot;&gt;Sign in&lt;/button&gt;
-   locator resolved to 4 elements. Proceeding with the first one: &lt;button type=&quot;button&quot; class=&quot;btn btn-link btn-lg p-0&quot;&gt;Sign in&lt;/button&gt;
-   locator resolved to 4 elements. Proceeding with the first one: &lt;button type=&quot;button&quot; class=&quot;btn btn-link btn-lg p-0&quot;&gt;Sign in&lt;/button&gt;
-   locator resolved to 4 elements. Proceeding with the first one: &lt;button type=&quot;button&quot; class=&quot;btn btn-link btn-lg p-0&quot;&gt;Sign in&lt;/button&gt;
-   locator resolved to 4 elements. Proceeding with the first one: &lt;button type=&quot;button&quot; class=&quot;btn btn-link btn-lg p-0&quot;&gt;Sign in&lt;/button&gt;
-   locator resolved to 4 elements. Proceeding with the first one: &lt;button type=&quot;button&quot; class=&quot;btn btn-link btn-lg p-0&quot;&gt;Sign in&lt;/button&gt;
-   locator resolved to 4 elements. Proceeding with the first one: &lt;button type=&quot;button&quot; class=&quot;btn btn-link btn-lg p-0&quot;&gt;Sign in&lt;/button&gt;
-   locator resolved to 4 elements. Proceeding with the first one: &lt;button type=&quot;button&quot; class=&quot;btn btn-link btn-lg p-0&quot;&gt;Sign in&lt;/button&gt;
-   locator resolved to 4 elements. Proceeding with the first one: &lt;button type=&quot;button&quot; class=&quot;btn btn-link btn-lg p-0&quot;&gt;Sign in&lt;/button&gt;
-   locator resolved to 4 elements. Proceeding with the first one: &lt;button type=&quot;button&quot; class=&quot;btn btn-link btn-lg p-0&quot;&gt;Sign in&lt;/button&gt;
-   locator resolved to 4 elements. Proceeding with the first one: &lt;button type=&quot;button&quot; class=&quot;btn btn-link btn-lg p-0&quot;&gt;Sign in&lt;/button&gt;
-   locator resolved to 4 elements. Proceeding with the first one: &lt;button type=&quot;button&quot; class=&quot;btn btn-link btn-lg p-0&quot;&gt;Sign in&lt;/button&gt;
-   locator resolved to 4 elements. Proceeding with the first one: &lt;button type=&quot;button&quot; class=&quot;btn btn-link btn-lg p-0&quot;&gt;Sign in&lt;/button&gt;
-   locator resolved to 4 elements. Proceeding with the first one: &lt;button type=&quot;button&quot; class=&quot;btn btn-link btn-lg p-0&quot;&gt;Sign in&lt;/button&gt;
-   locator resolved to 4 elements. Proceeding with the first one: &lt;button type=&quot;button&quot; class=&quot;btn btn-link btn-lg p-0&quot;&gt;Sign in&lt;/button&gt;
-   locator resolved to 4 elements. Proceeding with the first one: &lt;button type=&quot;button&quot; class=&quot;btn btn-link btn-lg p-0&quot;&gt;Sign in&lt;/button&gt;
-   locator resolved to 4 elements. Proceeding with the first one: &lt;button type=&quot;button&quot; class=&quot;btn btn-link btn-lg p-0&quot;&gt;Sign in&lt;/button&gt;
-   locator resolved to 4 elements. Proceeding with the first one: &lt;button type=&quot;button&quot; class=&quot;btn btn-link btn-lg p-0&quot;&gt;Sign in&lt;/button&gt;
-   locator resolved to 4 elements. Proceeding with the first one: &lt;button type=&quot;button&quot; class=&quot;btn btn-link btn-lg p-0&quot;&gt;Sign in&lt;/button&gt;
-   locator resolved to 4 elements. Proceeding with the first one: &lt;button type=&quot;button&quot; class=&quot;btn btn-link btn-lg p-0&quot;&gt;Sign in&lt;/button&gt;
-   locator resolved to 4 elements. Proceeding with the first one: &lt;button type=&quot;button&quot; class=&quot;btn btn-link btn-lg p-0&quot;&gt;Sign in&lt;/button&gt;
-   locator resolved to 4 elements. Proceeding with the first one: &lt;button type=&quot;button&quot; class=&quot;btn btn-link btn-lg p-0&quot;&gt;Sign in&lt;/button&gt;
-   locator resolved to 4 elements. Proceeding with the first one: &lt;button type=&quot;button&quot; class=&quot;btn btn-link btn-lg p-0&quot;&gt;Sign in&lt;/button&gt;
-   locator resolved to 4 elements. Proceeding with the first one: &lt;button type=&quot;button&quot; class=&quot;btn btn-link btn-lg p-0&quot;&gt;Sign in&lt;/button&gt;
-   locator resolved to 4 elements. Proceeding with the first one: &lt;button type=&quot;button&quot; class=&quot;btn btn-link btn-lg p-0&quot;&gt;Sign in&lt;/button&gt;
-   locator resolved to 4 elements. Proceeding with the first one: &lt;button type=&quot;button&quot; class=&quot;btn btn-link btn-lg p-0&quot;&gt;Sign in&lt;/button&gt;
-   locator resolved to 4 elements. Proceeding with the first one: &lt;button type=&quot;button&quot; class=&quot;btn btn-link btn-lg p-0&quot;&gt;Sign in&lt;/button&gt;
-   locator resolved to 4 elements. Proceeding with the first one: &lt;button type=&quot;button&quot; class=&quot;btn btn-link btn-lg p-0&quot;&gt;Sign in&lt;/button&gt;
-   locator resolved to 4 elements. Proceeding with the first one: &lt;button type=&quot;button&quot; class=&quot;btn btn-link btn-lg p-0&quot;&gt;Sign in&lt;/button&gt;
-   locator resolved to 4 elements. Proceeding with the first one: &lt;button type=&quot;button&quot; class=&quot;btn btn-link btn-lg p-0&quot;&gt;Sign in&lt;/button&gt;
-   locator resolved to 4 elements. Proceeding with the first one: &lt;button type=&quot;button&quot; class=&quot;btn btn-link btn-lg p-0&quot;&gt;Sign in&lt;/button&gt;
-   locator resolved to 4 elements. Proceeding with the first one: &lt;button type=&quot;button&quot; class=&quot;btn btn-link btn-lg p-0&quot;&gt;Sign in&lt;/button&gt;
-   locator resolved to 4 elements. Proceeding with the first one: &lt;button type=&quot;button&quot; class=&quot;btn btn-link btn-lg p-0&quot;&gt;Sign in&lt;/button&gt;
-   locator resolved to 4 elements. Proceeding with the first one: &lt;button type=&quot;button&quot; class=&quot;btn btn-link btn-lg p-0&quot;&gt;Sign in&lt;/button&gt;
-   locator resolved to 4 elements. Proceeding with the first one: &lt;button type=&quot;button&quot; class=&quot;btn btn-link btn-lg p-0&quot;&gt;Sign in&lt;/button&gt;
-   locator resolved to 4 elements. Proceeding with the first one: &lt;button type=&quot;button&quot; class=&quot;btn btn-link btn-lg p-0&quot;&gt;Sign in&lt;/button&gt;
-   locator resolved to 4 elements. Proceeding with the first one: &lt;button type=&quot;button&quot; class=&quot;btn btn-link btn-lg p-0&quot;&gt;Sign in&lt;/button&gt;
-   locator resolved to 4 elements. Proceeding with the first one: &lt;button type=&quot;button&quot; class=&quot;btn btn-link btn-lg p-0&quot;&gt;Sign in&lt;/button&gt;
-   locator resolved to 4 elements. Proceeding with the first one: &lt;button type=&quot;button&quot; class=&quot;btn btn-link btn-lg p-0&quot;&gt;Sign in&lt;/button&gt;
-   locator resolved to 4 elements. Proceeding with the first one: &lt;button type=&quot;button&quot; class=&quot;btn btn-link btn-lg p-0&quot;&gt;Sign in&lt;/button&gt;
-   locator resolved to 4 elements. Proceeding with the first one: &lt;button type=&quot;button&quot; class=&quot;btn btn-link btn-lg p-0&quot;&gt;Sign in&lt;/button&gt;
-   locator resolved to 4 elements. Proceeding with the first one: &lt;button type=&quot;button&quot; class=&quot;btn btn-link btn-lg p-0&quot;&gt;Sign in&lt;/button&gt;
-   locator resolved to 4 elements. Proceeding with the first one: &lt;button type=&quot;button&quot; class=&quot;btn btn-link btn-lg p-0&quot;&gt;Sign in&lt;/button&gt;

	at com.microsoft.playwright.impl.Connection.dispatch(Connection.java:254)
	at com.microsoft.playwright.impl.Connection.processOneMessage(Connection.java:211)
	at com.microsoft.playwright.impl.ChannelOwner.runUntil(ChannelOwner.java:118)
	at com.microsoft.playwright.impl.Connection.sendMessage(Connection.java:130)
	at com.microsoft.playwright.impl.ChannelOwner.sendMessage(ChannelOwner.java:106)
	at com.microsoft.playwright.impl.FrameImpl.waitForSelectorImpl(FrameImpl.java:1060)
	at com.microsoft.playwright.impl.FrameImpl.waitForSelectorImpl(FrameImpl.java:1050)
	at com.microsoft.playwright.impl.PageImpl.lambda$waitForSelector$93(PageImpl.java:1548)
	at com.microsoft.playwright.impl.LoggingSupport.withLogging(LoggingSupport.java:47)
	at com.microsoft.playwright.impl.ChannelOwner.withLogging(ChannelOwner.java:89)
	at com.microsoft.playwright.impl.PageImpl.waitForSelector(PageImpl.java:1547)
	at com.example.PCCSteps.click_on_sign_in(PCCSteps.java:49)
	at java.base/jdk.internal.reflect.DirectMethodHandleAccessor.invoke(DirectMethodHandleAccessor.java:104)
	at java.base/java.lang.reflect.Method.invoke(Method.java:578)
	at io.cucumber.java.Invoker.doInvoke(Invoker.java:66)
	at io.cucumber.java.Invoker.invoke(Invoker.java:24)
	at io.cucumber.java.AbstractGlueDefinition.invokeMethod(AbstractGlueDefinition.java:47)
	at io.cucumber.java.JavaStepDefinition.execute(JavaStepDefinition.java:29)
	at io.cucumber.core.runner.CoreStepDefinition.execute(CoreStepDefinition.java:66)
	at io.cucumber.core.runner.PickleStepDefinitionMatch.runStep(PickleStepDefinitionMatch.java:63)
	at io.cucumber.core.runner.ExecutionMode$1.execute(ExecutionMode.java:10)
	at io.cucumber.core.runner.TestStep.executeStep(TestStep.java:84)
	at io.cucumber.core.runner.TestStep.run(TestStep.java:56)
	at io.cucumber.core.runner.PickleStepTestStep.run(PickleStepTestStep.java:51)
	at io.cucumber.core.runner.TestCase.run(TestCase.java:84)
	at io.cucumber.core.runner.Runner.runPickle(Runner.java:75)
	at io.cucumber.junit.PickleRunners$NoStepDescriptions.lambda$run$0(PickleRunners.java:151)
	at io.cucumber.core.runtime.CucumberExecutionContext.lambda$runTestCase$5(CucumberExecutionContext.java:137)
	at io.cucumber.core.runtime.RethrowingThrowableCollector.executeAndThrow(RethrowingThrowableCollector.java:23)
	at io.cucumber.core.runtime.CucumberExecutionContext.runTestCase(CucumberExecutionContext.java:137)
	at io.cucumber.junit.PickleRunners$NoStepDescriptions.run(PickleRunners.java:148)
	at io.cucumber.junit.FeatureRunner.runChild(FeatureRunner.java:144)
	at io.cucumber.junit.FeatureRunner.runChild(FeatureRunner.java:28)
	at org.junit.runners.ParentRunner$4.run(ParentRunner.java:331)
	at org.junit.runners.ParentRunner$1.schedule(ParentRunner.java:79)
	at org.junit.runners.ParentRunner.runChildren(ParentRunner.java:329)
	at org.junit.runners.ParentRunner.access$100(ParentRunner.java:66)
	at org.junit.runners.ParentRunner$2.evaluate(ParentRunner.java:293)
	at org.junit.runners.ParentRunner$3.evaluate(ParentRunner.java:306)
	at org.junit.runners.ParentRunner.run(ParentRunner.java:413)
	at io.cucumber.junit.FeatureRunner.run(FeatureRunner.java:137)
	at io.cucumber.junit.Cucumber.runChild(Cucumber.java:196)
	at io.cucumber.junit.Cucumber.runChild(Cucumber.java:89)
	at org.junit.runners.ParentRunner$4.run(ParentRunner.java:331)
	at org.junit.runners.ParentRunner$1.schedule(ParentRunner.java:79)
	at org.junit.runners.ParentRunner.runChildren(ParentRunner.java:329)
	at org.junit.runners.ParentRunner.access$100(ParentRunner.java:66)
	at org.junit.runners.ParentRunner$2.evaluate(ParentRunner.java:293)
	at io.cucumber.core.runtime.CucumberExecutionContext.lambda$runFeatures$6(CucumberExecutionContext.java:148)
	at io.cucumber.core.runtime.CucumberExecutionContext.execute(CucumberExecutionContext.java:163)
	at io.cucumber.core.runtime.CucumberExecutionContext.runFeatures(CucumberExecutionContext.java:146)
	at io.cucumber.junit.Cucumber$StartAndFinishTestRun.evaluate(Cucumber.java:226)
	at org.junit.runners.ParentRunner$3.evaluate(ParentRunner.java:306)
	at org.junit.runners.ParentRunner.run(ParentRunner.java:413)
	at org.apache.maven.surefire.junit4.JUnit4Provider.execute(JUnit4Provider.java:252)
	at org.apache.maven.surefire.junit4.JUnit4Provider.executeTestSet(JUnit4Provider.java:141)
	at org.apache.maven.surefire.junit4.JUnit4Provider.invoke(JUnit4Provider.java:112)
	at java.base/jdk.internal.reflect.DirectMethodHandleAccessor.invoke(DirectMethodHandleAccessor.java:104)
	at java.base/java.lang.reflect.Method.invoke(Method.java:578)
	at org.apache.maven.surefire.util.ReflectionUtils.invokeMethodWithArray(ReflectionUtils.java:189)
	at org.apache.maven.surefire.booter.ProviderFactory$ProviderProxy.invoke(ProviderFactory.java:165)
	at org.apache.maven.surefire.booter.ProviderFactory.invokeProvider(ProviderFactory.java:85)
	at org.apache.maven.surefire.booter.ForkedBooter.runSuitesInProcess(ForkedBooter.java:115)
	at org.apache.maven.surefire.booter.ForkedBooter.main(ForkedBooter.java:75)
</error>
  </testcase>
</testsuite>